[0m20:00:08.173686 [debug] [MainThread]: Sending event: {'category': 'dbt', 'action': 'invocation', 'label': 'start', 'context': [<snowplow_tracker.self_describing_json.SelfDescribingJson object at 0x7f17a7bf5ed0>, <snowplow_tracker.self_describing_json.SelfDescribingJson object at 0x7f17a55b87f0>, <snowplow_tracker.self_describing_json.SelfDescribingJson object at 0x7f17a55b8790>]}


============================== 20:00:08.176181 | 0eb882eb-bcc3-4d26-840e-a205e7e3dbea ==============================
[0m20:00:08.176181 [info ] [MainThread]: Running with dbt=1.7.4
[0m20:00:08.176801 [debug] [MainThread]: running dbt with arguments {'printer_width': '80', 'indirect_selection': 'eager', 'write_json': 'True', 'log_cache_events': 'False', 'partial_parse': 'True', 'cache_selected_only': 'False', 'warn_error': 'None', 'fail_fast': 'False', 'version_check': 'True', 'log_path': 'logs', 'debug': 'False', 'profiles_dir': '/root/.dbt', 'use_colors': 'True', 'use_experimental_parser': 'False', 'no_print': 'None', 'quiet': 'False', 'warn_error_options': 'WarnErrorOptions(include=[], exclude=[])', 'introspect': 'True', 'log_format': 'default', 'static_parser': 'True', 'target_path': 'None', 'invocation_command': 'dbt init test -s', 'send_anonymous_usage_stats': 'True'}
[0m20:00:08.177299 [warn ] [MainThread]: [ConfigFolderDirectory]: Unable to parse dict {'dir': PosixPath('/root/.dbt')}
[0m20:00:08.177729 [info ] [MainThread]: Creating dbt configuration folder at 
[0m20:00:08.178827 [debug] [MainThread]: Starter project path: /usr/local/lib/python3.10/site-packages/dbt/include/starter_project
[0m20:00:08.181680 [info ] [MainThread]: 
Your new dbt project "test" was created!

For more information on how to configure the profiles.yml file,
please consult the dbt documentation here:

  https://docs.getdbt.com/docs/configure-your-profile

One more thing:

Need help? Don't hesitate to reach out to us via GitHub issues or on Slack:

  https://community.getdbt.com/

Happy modeling!

[0m20:00:08.182821 [debug] [MainThread]: Resource report: {"command_name": "init", "command_success": true, "command_wall_clock_time": 0.011123837, "process_user_time": 2.181631, "process_kernel_time": 0.131615, "process_mem_max_rss": "462364", "process_in_blocks": "3696", "process_out_blocks": "88"}
[0m20:00:08.183394 [debug] [MainThread]: Command `dbt init` succeeded at 20:00:08.183254 after 0.01 seconds
[0m20:00:08.183807 [debug] [MainThread]: Sending event: {'category': 'dbt', 'action': 'invocation', 'label': 'end', 'context': [<snowplow_tracker.self_describing_json.SelfDescribingJson object at 0x7f17a7bf5ed0>, <snowplow_tracker.self_describing_json.SelfDescribingJson object at 0x7f17aa07f490>, <snowplow_tracker.self_describing_json.SelfDescribingJson object at 0x7f17a55b8790>]}
[0m20:00:08.184235 [debug] [MainThread]: Flushing usage events
